{
  "0 debug pnpm:scope": {
    "selected": 1,
    "workspacePrefix": "D:\\1-front-end\\Engineering\\pluto-ui-vite"
  },
  "1 error pnpm": {
    "errno": 1,
    "code": "ELIFECYCLE",
    "pkgid": "pluto-ui-vite@1.1.0",
    "stage": "test:run",
    "script": "vitest run",
    "pkgname": "pluto-ui-vite",
    "err": {
      "name": "pnpm",
      "message": "pluto-ui-vite@1.1.0 test:run: `vitest run`\nExit status 1",
      "code": "ELIFECYCLE",
      "stack": "pnpm: pluto-ui-vite@1.1.0 test:run: `vitest run`\nExit status 1\n    at EventEmitter.<anonymous> (C:\\Users\\Pluto\\AppData\\Roaming\\npm\\node_modules\\pnpm\\dist\\pnpm.cjs:105700:20)\n    at EventEmitter.emit (node:events:513:28)\n    at ChildProcess.<anonymous> (C:\\Users\\Pluto\\AppData\\Roaming\\npm\\node_modules\\pnpm\\dist\\pnpm.cjs:92261:18)\n    at ChildProcess.emit (node:events:513:28)\n    at maybeClose (node:internal/child_process:1100:16)\n    at Process.ChildProcess._handle.onexit (node:internal/child_process:304:5)"
    }
  }
}