{
  "0 debug pnpm:scope": {
    "selected": 1,
    "workspacePrefix": "D:\\1-front-end\\Engineering\\pluto-ui"
  },
  "1 info pnpm": {
    "err": {
      "name": "Error",
      "message": "not found: di",
      "code": "ENOENT",
      "stack": "Error: not found: di\n    at getNotFoundError (C:\\Users\\Pluto\\AppData\\Roaming\\npm\\node_modules\\pnpm\\dist\\pnpm.cjs:41585:51)\n    at Function.whichSync [as sync] (C:\\Users\\Pluto\\AppData\\Roaming\\npm\\node_modules\\pnpm\\dist\\pnpm.cjs:41662:13)\n    at getCommandAbsolutePathSync (C:\\Users\\Pluto\\AppData\\Roaming\\npm\\node_modules\\pnpm\\dist\\pnpm.cjs:43227:44)\n    at default_1 (C:\\Users\\Pluto\\AppData\\Roaming\\npm\\node_modules\\pnpm\\dist\\pnpm.cjs:43236:32)\n    at C:\\Users\\Pluto\\AppData\\Roaming\\npm\\node_modules\\pnpm\\dist\\pnpm.cjs:178156:39"
    }
  },
  "2 error pnpm": {
    "code": "ERR_PNPM_RECURSIVE_EXEC_FIRST_FAIL",
    "prefix": "D:\\1-front-end\\Engineering\\pluto-ui",
    "err": {
      "name": "pnpm",
      "message": "not found: di",
      "code": "ERR_PNPM_RECURSIVE_EXEC_FIRST_FAIL",
      "stack": "Error: not found: di\n    at getNotFoundError (C:\\Users\\Pluto\\AppData\\Roaming\\npm\\node_modules\\pnpm\\dist\\pnpm.cjs:41585:51)\n    at Function.whichSync [as sync] (C:\\Users\\Pluto\\AppData\\Roaming\\npm\\node_modules\\pnpm\\dist\\pnpm.cjs:41662:13)\n    at getCommandAbsolutePathSync (C:\\Users\\Pluto\\AppData\\Roaming\\npm\\node_modules\\pnpm\\dist\\pnpm.cjs:43227:44)\n    at default_1 (C:\\Users\\Pluto\\AppData\\Roaming\\npm\\node_modules\\pnpm\\dist\\pnpm.cjs:43236:32)\n    at C:\\Users\\Pluto\\AppData\\Roaming\\npm\\node_modules\\pnpm\\dist\\pnpm.cjs:178156:39"
    }
  }
}